<?xml version="1.0" encoding="UTF-8"?><testsuite failures="1" name="cucumber.runtime.formatter.JUnitFormatter" skipped="0" tests="1" time="217.493274">
<testcase classname="Smoke Testing" name="verify that smoke test is performed successfully" time="217.493274">
<failure message="org.openqa.selenium.ElementNotVisibleException: element not visible&#10;  (Session info: chrome=84.0.4147.105)&#10;  (Driver info: chromedriver=2.40.565498 (ea082db3280dd6843ebfb08a625e3eb905c4f5ab),platform=Windows NT 10.0.10240 x86_64) (WARNING: The server did not provide any stacktrace information)&#10;Command duration or timeout: 0 milliseconds&#10;Build info: version: '3.5.3', revision: 'a88d25fe6b', time: '2017-08-29T12:42:44.417Z'&#10;System info: host: 'DESKTOP-OB90OE0', ip: '192.168.0.106', os.name: 'Windows 10', os.arch: 'amd64', os.version: '10.0', java.version: '1.8.0_201'&#10;Driver info: org.openqa.selenium.chrome.ChromeDriver&#10;Capabilities [{mobileEmulationEnabled=false, hasTouchScreen=false, platform=XP, acceptSslCerts=false, acceptInsecureCerts=false, webStorageEnabled=true, browserName=chrome, takesScreenshot=true, javascriptEnabled=true, platformName=XP, setWindowRect=true, unexpectedAlertBehaviour=, applicationCacheEnabled=false, rotatable=false, networkConnectionEnabled=false, chrome={chromedriverVersion=2.40.565498 (ea082db3280dd6843ebfb08a625e3eb905c4f5ab), userDataDir=C:\Users\Dominic\AppData\Local\Temp\scoped_dir6008_17946}, takesHeapSnapshot=true, pageLoadStrategy=normal, unhandledPromptBehavior=, databaseEnabled=false, handlesAlerts=true, version=84.0.4147.105, browserConnectionEnabled=false, nativeEvents=true, locationContextEnabled=true, cssSelectorsEnabled=true}]&#10;Session ID: caaacd6e5b049a7562526f2a3dac8601&#13;&#10;&#9;at sun.reflect.NativeConstructorAccessorImpl.newInstance0(Native Method)&#13;&#10;&#9;at sun.reflect.NativeConstructorAccessorImpl.newInstance(Unknown Source)&#13;&#10;&#9;at sun.reflect.DelegatingConstructorAccessorImpl.newInstance(Unknown Source)&#13;&#10;&#9;at java.lang.reflect.Constructor.newInstance(Unknown Source)&#13;&#10;&#9;at org.openqa.selenium.remote.ErrorHandler.createThrowable(ErrorHandler.java:215)&#13;&#10;&#9;at org.openqa.selenium.remote.ErrorHandler.throwIfResponseFailed(ErrorHandler.java:167)&#13;&#10;&#9;at org.openqa.selenium.remote.http.JsonHttpResponseCodec.reconstructValue(JsonHttpResponseCodec.java:40)&#13;&#10;&#9;at org.openqa.selenium.remote.http.AbstractHttpResponseCodec.decode(AbstractHttpResponseCodec.java:82)&#13;&#10;&#9;at org.openqa.selenium.remote.http.AbstractHttpResponseCodec.decode(AbstractHttpResponseCodec.java:45)&#13;&#10;&#9;at org.openqa.selenium.remote.HttpCommandExecutor.execute(HttpCommandExecutor.java:164)&#13;&#10;&#9;at org.openqa.selenium.remote.service.DriverCommandExecutor.execute(DriverCommandExecutor.java:82)&#13;&#10;&#9;at org.openqa.selenium.remote.RemoteWebDriver.execute(RemoteWebDriver.java:646)&#13;&#10;&#9;at org.openqa.selenium.remote.RemoteWebElement.execute(RemoteWebElement.java:275)&#13;&#10;&#9;at org.openqa.selenium.remote.RemoteWebElement.click(RemoteWebElement.java:82)&#13;&#10;&#9;at Stepdefinations.Base.GoToModule(Base.java:94)&#13;&#10;&#9;at Stepdefinations.SmokeTesting.SmokeTest.go_to_ticket_app_and_perform_smoke_test(SmokeTest.java:193)&#13;&#10;&#9;at ✽.Then go to ticket app and perform smoke test &gt; Click On TicketApp, Work assignment, Archive, Invoice, Report, Article, External article, Settings, Prices, Surcharges, Cost category, External company, Attachments for external assignments, Interface, User rights(src/main/java/Feature/SmokeTesting/SmokeTest.feature:9)&#13;&#10;"><![CDATA[Given Open Loek and perform smoke testing using mentioned scenarios.........passed
When user goes to dashboard and performs smoke test > Click On Company Profile, Company Public Profile, My Profile, My Public Profile.passed
Then go to building app and perform smoke test > Click On Building, Building Unit, Building Room, Building Element, Building Surface, Building tenant, Building document, Building key, Building invoice, Building disturbance, Building contact.passed
Then go to building unit and perform smoke test > Click On BuildingUnit, Building unit element, Building unit tenant, Building unit document, Building unit key address, Building unit invoice address, Building unit disturbance, Building unit contact.passed
Then go to building complex and perform smoke test > Click On BuildingComplex, Building complex key address, Building complex invoice address, Building complex disturbance, Building complex contact.passed
Then go to ticket app and perform smoke test > Click On TicketApp, Work assignment, Archive, Invoice, Report, Article, External article, Settings, Prices, Surcharges, Cost category, External company, Attachments for external assignments, Interface, User rights.failed
Then go to ticket pending tab and perform smoke test > Click On Ticket Pending, Ticket detail, Work order ticket.skipped
Then go to invoice specification and perform smoke test > Click On Invoice Specification, Invoice rounded, Invoice detail.skipped
Then go to service portal and perform smoke test > Click On Service, Service portal user detail, Service portal news, Service portal news detail, Service portal maintenance, Service portal maintenance detail, Service portal settings, Service portal user rights.skipped
Then go to external service portal and login > Click On external service portal, External Service portal login.skipped
Then go to external service portal ticket and perform smoke test > Click On external service portal ticket, External service portal ticket detail.skipped
Then perform smoke test on external service portal > Click On external service portal, External Service portal my profile, External Service portal news redirection, External Service portal ticket.skipped
Then perform smoke test on external service portal news and logout > Click On external service portal news, External Service portal news detail, logged out from external service portal.skipped

StackTrace:
org.openqa.selenium.ElementNotVisibleException: element not visible
  (Session info: chrome=84.0.4147.105)
  (Driver info: chromedriver=2.40.565498 (ea082db3280dd6843ebfb08a625e3eb905c4f5ab),platform=Windows NT 10.0.10240 x86_64) (WARNING: The server did not provide any stacktrace information)
Command duration or timeout: 0 milliseconds
Build info: version: '3.5.3', revision: 'a88d25fe6b', time: '2017-08-29T12:42:44.417Z'
System info: host: 'DESKTOP-OB90OE0', ip: '192.168.0.106', os.name: 'Windows 10', os.arch: 'amd64', os.version: '10.0', java.version: '1.8.0_201'
Driver info: org.openqa.selenium.chrome.ChromeDriver
Capabilities [{mobileEmulationEnabled=false, hasTouchScreen=false, platform=XP, acceptSslCerts=false, acceptInsecureCerts=false, webStorageEnabled=true, browserName=chrome, takesScreenshot=true, javascriptEnabled=true, platformName=XP, setWindowRect=true, unexpectedAlertBehaviour=, applicationCacheEnabled=false, rotatable=false, networkConnectionEnabled=false, chrome={chromedriverVersion=2.40.565498 (ea082db3280dd6843ebfb08a625e3eb905c4f5ab), userDataDir=C:\Users\Dominic\AppData\Local\Temp\scoped_dir6008_17946}, takesHeapSnapshot=true, pageLoadStrategy=normal, unhandledPromptBehavior=, databaseEnabled=false, handlesAlerts=true, version=84.0.4147.105, browserConnectionEnabled=false, nativeEvents=true, locationContextEnabled=true, cssSelectorsEnabled=true}]
Session ID: caaacd6e5b049a7562526f2a3dac8601
	at sun.reflect.NativeConstructorAccessorImpl.newInstance0(Native Method)
	at sun.reflect.NativeConstructorAccessorImpl.newInstance(Unknown Source)
	at sun.reflect.DelegatingConstructorAccessorImpl.newInstance(Unknown Source)
	at java.lang.reflect.Constructor.newInstance(Unknown Source)
	at org.openqa.selenium.remote.ErrorHandler.createThrowable(ErrorHandler.java:215)
	at org.openqa.selenium.remote.ErrorHandler.throwIfResponseFailed(ErrorHandler.java:167)
	at org.openqa.selenium.remote.http.JsonHttpResponseCodec.reconstructValue(JsonHttpResponseCodec.java:40)
	at org.openqa.selenium.remote.http.AbstractHttpResponseCodec.decode(AbstractHttpResponseCodec.java:82)
	at org.openqa.selenium.remote.http.AbstractHttpResponseCodec.decode(AbstractHttpResponseCodec.java:45)
	at org.openqa.selenium.remote.HttpCommandExecutor.execute(HttpCommandExecutor.java:164)
	at org.openqa.selenium.remote.service.DriverCommandExecutor.execute(DriverCommandExecutor.java:82)
	at org.openqa.selenium.remote.RemoteWebDriver.execute(RemoteWebDriver.java:646)
	at org.openqa.selenium.remote.RemoteWebElement.execute(RemoteWebElement.java:275)
	at org.openqa.selenium.remote.RemoteWebElement.click(RemoteWebElement.java:82)
	at Stepdefinations.Base.GoToModule(Base.java:94)
	at Stepdefinations.SmokeTesting.SmokeTest.go_to_ticket_app_and_perform_smoke_test(SmokeTest.java:193)
	at ✽.Then go to ticket app and perform smoke test > Click On TicketApp, Work assignment, Archive, Invoice, Report, Article, External article, Settings, Prices, Surcharges, Cost category, External company, Attachments for external assignments, Interface, User rights(src/main/java/Feature/SmokeTesting/SmokeTest.feature:9)
]]></failure>
</testcase>
</testsuite>
